{
  "state": "passed",
  "mode": "single",
  "specFile": "tests/cards/card-examples-demo.spec.ts",
  "startedAt": "2026-02-17T04:33:04.555Z",
  "updatedAt": "2026-02-17T04:35:53.441Z",
  "command": "npx playwright test --workers=8 tests/cards/card-examples-demo.spec.ts",
  "pid": 47604,
  "passed": 51,
  "failed": 2,
  "skipped": 0,
  "total": 53,
  "currentFile": "tests\\cards\\card-examples-demo.spec.ts",
  "output": "\nRunning 49 tests using 8 workers\n\n  ok 7 [behaviors] › tests\\cards\\card-examples-demo.spec.ts:70:3 › Page Fundamentals › code blocks have copy buttons (11.2s)\n  ok 4 [behaviors] › tests\\cards\\card-examples-demo.spec.ts:59:3 › Page Fundamentals › text is light on dark theme (12.2s)\n  ok 6 [behaviors] › tests\\cards\\card-examples-demo.spec.ts:55:3 › Page Fundamentals › no draggable cards on page (11.0s)\n  ok 3 [behaviors] › tests\\cards\\card-examples-demo.spec.ts:91:3 › Card Rendering › base card renders title and content (12.6s)\n  ok 8 [behaviors] › tests\\cards\\card-examples-demo.spec.ts:74:3 › Page Fundamentals › every wb-demo has an id (11.9s)\n  ok 2 [behaviors] › tests\\cards\\card-examples-demo.spec.ts:34:3 › Page Fundamentals › wb-stack wrapper exists with gap (13.9s)\n  ok 5 [behaviors] › tests\\cards\\card-examples-demo.spec.ts:41:3 › Page Fundamentals › all card variant tags are present (no draggable) (14.5s)\n  ok 1 [behaviors] › tests\\cards\\card-examples-demo.spec.ts:24:3 › Page Fundamentals › page loads without JS errors (20.3s)\n  ok 10 [behaviors] › tests\\cards\\card-examples-demo.spec.ts:103:3 › Card Rendering › image cards render with images (10.4s)\n  ok 11 [behaviors] › tests\\cards\\card-examples-demo.spec.ts:110:3 › Card Rendering › hero card has background image and CTA buttons (10.7s)\n  ok 12 [behaviors] › tests\\cards\\card-examples-demo.spec.ts:117:3 › Card Rendering › profile card renders name, role, avatar (10.8s)\n  ok 14 [behaviors] › tests\\cards\\card-examples-demo.spec.ts:133:3 › Card Rendering › stats cards render all four with values (11.0s)\n  ok 13 [behaviors] › tests\\cards\\card-examples-demo.spec.ts:124:3 › Card Rendering › pricing cards render 3 plans with features and CTA (11.2s)\n  ok 16 [behaviors] › tests\\cards\\card-examples-demo.spec.ts:146:3 › Card Rendering › product cards have image with 3/2 aspect ratio and price (8.1s)\n  ok 17 [behaviors] › tests\\cards\\card-examples-demo.spec.ts:155:3 › Card Rendering › notification cards have variant classes (10.9s)\n  ok 18 [behaviors] › tests\\cards\\card-examples-demo.spec.ts:163:3 › Card Rendering › file cards show filename and icon (11.6s)\n  ok 19 [behaviors] › tests\\cards\\card-examples-demo.spec.ts:169:3 › Card Rendering › link cards have icon, title, external arrow (11.8s)\n  ok 21 [behaviors] › tests\\cards\\card-examples-demo.spec.ts:185:3 › Card Rendering › overlay card has background image and title overlay (10.7s)\n  ok 20 [behaviors] › tests\\cards\\card-examples-demo.spec.ts:176:3 › Card Rendering › horizontal card renders image and text side by side (10.8s)\n  ok 22 [behaviors] › tests\\cards\\card-examples-demo.spec.ts:194:3 › Card Rendering › portfolio card renders name, skills, social links (8.9s)\n  ok 23 [behaviors] › tests\\cards\\card-examples-demo.spec.ts:213:3 › Interactivity › clickable glass card toggles active class on click (17.8s)\n  ok 24 [behaviors] › tests\\cards\\card-examples-demo.spec.ts:222:3 › Interactivity › button card primary/secondary buttons are clickable (17.2s)\n  ok 27 [behaviors] › tests\\cards\\card-examples-demo.spec.ts:264:3 › Interactivity › expandable card button has correct aria-expanded (16.9s)\n  ok 26 [behaviors] › tests\\cards\\card-examples-demo.spec.ts:249:3 › Interactivity › expandable card toggles expand/collapse (17.2s)\n  ok 28 [behaviors] › tests\\cards\\card-examples-demo.spec.ts:273:3 › Interactivity › minimizable card toggles content visibility (15.7s)\n  ok 25 [behaviors] › tests\\cards\\card-examples-demo.spec.ts:232:3 › Interactivity › product card Add to Cart fires custom event (23.1s)\n  ok 31 [behaviors] › tests\\cards\\card-examples-demo.spec.ts:310:3 › Interactivity › hero CTA links exist with text (8.2s)\n  ok 32 [behaviors] › tests\\cards\\card-examples-demo.spec.ts:317:3 › Interactivity › pricing CTA links exist for all plans (8.0s)\n  ok 30 [behaviors] › tests\\cards\\card-examples-demo.spec.ts:295:3 › Interactivity › notification fires dismiss event (9.7s)\n  ok 33 [behaviors] › tests\\cards\\card-examples-demo.spec.ts:326:3 › Interactivity › portfolio social links open in new tab (9.6s)\n  ok 34 [behaviors] › tests\\cards\\card-examples-demo.spec.ts:336:3 › Interactivity › portfolio contact links are valid (8.0s)\n  ok 35 [behaviors] › tests\\cards\\card-examples-demo.spec.ts:354:3 › Mobile Responsive › page renders without horizontal scroll on mobile (7.8s)\n  ok 36 [behaviors] › tests\\cards\\card-examples-demo.spec.ts:359:3 › Mobile Responsive › cards do not overflow viewport on mobile (7.9s)\n  ok 37 [behaviors] › tests\\cards\\card-examples-demo.spec.ts:373:3 › Mobile Responsive › pricing cards stack vertically on mobile (8.6s)\n  ok 38 [behaviors] › tests\\cards\\card-examples-demo.spec.ts:381:3 › Mobile Responsive › stats cards stack or wrap on mobile (8.6s)\n  x  9 [behaviors] › tests\\cards\\card-examples-demo.spec.ts:97:3 › Card Rendering › glass card has badge and variant class (30.2s)\n  ok 39 [behaviors] › tests\\cards\\card-examples-demo.spec.ts:389:3 › Mobile Responsive › horizontal card stacks image above text on mobile (7.9s)\n  ok 40 [behaviors] › tests\\cards\\card-examples-demo.spec.ts:402:3 › Mobile Responsive › hero card text is readable on mobile (7.0s)\n  ok 42 [behaviors] › tests\\cards\\card-examples-demo.spec.ts:419:3 › Mobile Responsive › product card Add to Cart is tappable on mobile (6.1s)\n  ok 41 [behaviors] › tests\\cards\\card-examples-demo.spec.ts:409:3 › Mobile Responsive › expandable card toggle works on mobile (9.3s)\n  ok 43 [behaviors] › tests\\cards\\card-examples-demo.spec.ts:427:3 › Mobile Responsive › portfolio card fits mobile viewport (7.6s)\n  ok 44 [behaviors] › tests\\cards\\card-examples-demo.spec.ts:441:3 › Accessibility › clickable card has role=button and tabindex (5.6s)\n  ok 29 [behaviors] › tests\\cards\\card-examples-demo.spec.ts:286:3 › Interactivity › notification dismiss button removes element (29.3s)\n  ok 47 [behaviors] › tests\\cards\\card-examples-demo.spec.ts:97:3 › Card Rendering › glass card has badge and variant class (retry #1) (6.1s)\n  ok 45 [behaviors] › tests\\cards\\card-examples-demo.spec.ts:447:3 › Accessibility › notification cards have role=alert (7.4s)\n  ok 46 [behaviors] › tests\\cards\\card-examples-demo.spec.ts:453:3 › Accessibility › link card has role=link and tabindex (7.5s)\n  x  15 [behaviors] › tests\\cards\\card-examples-demo.spec.ts:139:3 › Card Rendering › testimonial cards have quotes and ratings (30.1s)\n  ok 48 [behaviors] › tests\\cards\\card-examples-demo.spec.ts:460:3 › Accessibility › all images have alt attributes (6.7s)\n  ok 49 [behaviors] › tests\\cards\\card-examples-demo.spec.ts:469:3 › Accessibility › expandable card keyboard toggle with Enter (10.1s)\n  ok 50 [behaviors] › tests\\cards\\card-examples-demo.spec.ts:480:3 › Accessibility › portfolio social links have aria-labels (9.3s)\n  ok 51 [behaviors] › tests\\cards\\card-examples-demo.spec.ts:139:3 › Card Rendering › testimonial cards have quotes and ratings (retry #1) (6.2s)\n\n════════════════════════════════════════════════════════════\n  WB TEST RESULTS\n════════════════════════════════════════════════════════════\n  Total: 51 tests in 159.0s\n  ✓ Passed:  49\n  ✗ Failed:  2\n\n  By Project:\n    ✗ behaviors: 49/51 passed\n\n  See failures: data/test-results/failures.json\n  Live log:    data/test-results/failures-live.log\n════════════════════════════════════════════════════════════\n\n\n\n  1) [behaviors] › tests\\cards\\card-examples-demo.spec.ts:97:3 › Card Rendering › glass card has badge and variant class \n\n    \u001b[31mTest timeout of 30000ms exceeded while running \"beforeEach\" hook.\u001b[39m\n\n      87 | // ═══════════════════════════════════════════════════════\n      88 | test.describe('Card Rendering', () => {\n    > 89 |   test.beforeEach(async ({ page }) => { await loadPage(page); });\n         |        ^\n      90 |\n      91 |   test('base card renders title and content', async ({ page }) => {\n      92 |     const card = page.locator('wb-card').first();\n        at C:\\Users\\jwpmi\\Downloads\\AI\\wb-starter\\tests\\cards\\card-examples-demo.spec.ts:89:8\n\n    Error: page.goto: Test timeout of 30000ms exceeded.\n    Call log:\n    \u001b[2m  - navigating to \"http://localhost:3000/demos/card-examples.html\", waiting until \"networkidle\"\u001b[22m\n\n\n       5 | // Helper: navigate, wait for WB init\n       6 | async function loadPage(page) {\n    >  7 |   await page.goto(DEMO_URL, { waitUntil: 'networkidle' });\n         |              ^\n       8 |   await page.waitForFunction(() => window.WB, { timeout: 10000 });\n       9 |   await page.waitForTimeout(4000);\n      10 | }\n        at loadPage (C:\\Users\\jwpmi\\Downloads\\AI\\wb-starter\\tests\\cards\\card-examples-demo.spec.ts:7:14)\n        at C:\\Users\\jwpmi\\Downloads\\AI\\wb-starter\\tests\\cards\\card-examples-demo.spec.ts:89:47\n\n    Error Context: data\\test-results\\cards-card-examples-demo-C-8142d-has-badge-and-variant-class-behaviors\\error-context.md\n\n  2) [behaviors] › tests\\cards\\card-examples-demo.spec.ts:139:3 › Card Rendering › testimonial cards have quotes and ratings \n\n    \u001b[31mTest timeout of 30000ms exceeded while running \"beforeEach\" hook.\u001b[39m\n\n      87 | // ═══════════════════════════════════════════════════════\n      88 | test.describe('Card Rendering', () => {\n    > 89 |   test.beforeEach(async ({ page }) => { await loadPage(page); });\n         |        ^\n      90 |\n      91 |   test('base card renders title and content', async ({ page }) => {\n      92 |     const card = page.locator('wb-card').first();\n        at C:\\Users\\jwpmi\\Downloads\\AI\\wb-starter\\tests\\cards\\card-examples-demo.spec.ts:89:8\n\n    Error: browserContext.newPage: Test timeout of 30000ms exceeded.\n\n  2 flaky\n    [behaviors] › tests\\cards\\card-examples-demo.spec.ts:97:3 › Card Rendering › glass card has badge and variant class \n    [behaviors] › tests\\cards\\card-examples-demo.spec.ts:139:3 › Card Rendering › testimonial cards have quotes and ratings \n  47 passed (2.7m)\n",
  "errors": "\n⏱️ FAILED: glass card has badge and variant class\n   Test timeout of 30000ms exceeded while running \"beforeEach\" hook.\n\n⏱️ FAILED: testimonial cards have quotes and ratings\n   Test timeout of 30000ms exceeded while running \"beforeEach\" hook.\n",
  "failures": [
    {
      "file": "tests\\cards\\card-examples-demo.spec.ts",
      "name": "Card Rendering › glass card has badge and variant class"
    },
    {
      "file": "tests\\cards\\card-examples-demo.spec.ts",
      "name": "Card Rendering › testimonial cards have quotes and ratings"
    }
  ],
  "completedAt": "2026-02-17T04:35:53.441Z",
  "duration": "168.89s",
  "exitCode": 0
}