{
  "state": "failed",
  "mode": "single",
  "specFile": "tests/compliance/dark-mode.spec.ts",
  "startedAt": "2026-02-16T05:00:37.668Z",
  "updatedAt": "2026-02-16T05:02:00.089Z",
  "command": "npx playwright test --workers=8 tests/compliance/dark-mode.spec.ts",
  "pid": 38676,
  "passed": 164,
  "failed": 2,
  "skipped": 0,
  "total": 166,
  "currentFile": "tests\\compliance\\dark-mode.spec.ts",
  "output": "\nRunning 164 tests using 8 workers\n\n  ok 4 [compliance] › tests\\compliance\\dark-mode.spec.ts:66:5 › Dark Mode Compliance › archive/cleanup-2026-02-10/button-variants-demo.html renders in dark mode without errors (2.6s)\n  ok 2 [compliance] › tests\\compliance\\dark-mode.spec.ts:66:5 › Dark Mode Compliance › archive/builder/builder.html renders in dark mode without errors (3.3s)\n  ok 1 [compliance] › tests\\compliance\\dark-mode.spec.ts:66:5 › Dark Mode Compliance › archive/builder/schema-builder-test.html renders in dark mode without errors (3.0s)\n  ok 7 [compliance] › tests\\compliance\\dark-mode.spec.ts:66:5 › Dark Mode Compliance › archive/cleanup-2026-02-10/demo-search.html renders in dark mode without errors (2.9s)\n  ok 3 [compliance] › tests\\compliance\\dark-mode.spec.ts:66:5 › Dark Mode Compliance › archive/cleanup-2026-02-10/button-variants-simple.html renders in dark mode without errors (3.6s)\n  ok 8 [compliance] › tests\\compliance\\dark-mode.spec.ts:66:5 › Dark Mode Compliance › archive/cleanup-2026-02-10/builder.html renders in dark mode without errors (2.9s)\n  ok 5 [compliance] › tests\\compliance\\dark-mode.spec.ts:66:5 › Dark Mode Compliance › archive/behaviors_backup.html renders in dark mode without errors (3.8s)\n  ok 6 [compliance] › tests\\compliance\\dark-mode.spec.ts:66:5 › Dark Mode Compliance › archive/cleanup-2026-02-10/setup.html renders in dark mode without errors (3.6s)\n  ok 13 [compliance] › tests\\compliance\\dark-mode.spec.ts:66:5 › Dark Mode Compliance › demos/behaviors-card-code.html renders in dark mode without errors (1.6s)\n  ok 16 [compliance] › tests\\compliance\\dark-mode.spec.ts:66:5 › Dark Mode Compliance › demos/behaviors.html renders in dark mode without errors (1.8s)\n  ok 17 [compliance] › tests\\compliance\\dark-mode.spec.ts:66:5 › Dark Mode Compliance › demos/button-variants-demo.html renders in dark mode without errors (2.5s)\n  ok 18 [compliance] › tests\\compliance\\dark-mode.spec.ts:66:5 › Dark Mode Compliance › demos/button-variants-simple.html renders in dark mode without errors (5.2s)\n  ok 19 [compliance] › tests\\compliance\\dark-mode.spec.ts:66:5 › Dark Mode Compliance › demos/cardnotification-showcase.html renders in dark mode without errors (3.6s)\n  ok 9 [compliance] › tests\\compliance\\dark-mode.spec.ts:66:5 › Dark Mode Compliance › articles/resilience-through-separation.html renders in dark mode without errors (9.2s)\n  ok 20 [compliance] › tests\\compliance\\dark-mode.spec.ts:66:5 › Dark Mode Compliance › demos/cardportfolio-showcase.html renders in dark mode without errors (1.9s)\n  ok 15 [compliance] › tests\\compliance\\dark-mode.spec.ts:66:5 › Dark Mode Compliance › demos/behaviors-showcase.html renders in dark mode without errors (9.2s)\n  ok 21 [compliance] › tests\\compliance\\dark-mode.spec.ts:66:5 › Dark Mode Compliance › demos/cards-showcase.html renders in dark mode without errors (2.3s)\n  ok 14 [compliance] › tests\\compliance\\dark-mode.spec.ts:66:5 › Dark Mode Compliance › demos/behaviors-card.html renders in dark mode without errors (10.3s)\n  ok 10 [compliance] › tests\\compliance\\dark-mode.spec.ts:66:5 › Dark Mode Compliance › demos/autoinject.html renders in dark mode without errors (11.1s)\n  ok 22 [compliance] › tests\\compliance\\dark-mode.spec.ts:66:5 › Dark Mode Compliance › demos/charity-food.html renders in dark mode without errors (2.5s)\n  ok 23 [compliance] › tests\\compliance\\dark-mode.spec.ts:66:5 › Dark Mode Compliance › demos/code.html renders in dark mode without errors (1.9s)\n  ok 25 [compliance] › tests\\compliance\\dark-mode.spec.ts:66:5 › Dark Mode Compliance › demos/intellisense-check.html renders in dark mode without errors (1.7s)\n  ok 24 [compliance] › tests\\compliance\\dark-mode.spec.ts:66:5 › Dark Mode Compliance › demos/frameworks.html renders in dark mode without errors (2.6s)\n  ok 27 [compliance] › tests\\compliance\\dark-mode.spec.ts:66:5 › Dark Mode Compliance › demos/layout-test.html renders in dark mode without errors (1.7s)\n  ok 29 [compliance] › tests\\compliance\\dark-mode.spec.ts:66:5 › Dark Mode Compliance › demos/multi-component-demo-generated.html renders in dark mode without errors (1.6s)\n  ok 28 [compliance] › tests\\compliance\\dark-mode.spec.ts:66:5 › Dark Mode Compliance › demos/mdhtml-pre-debug.html renders in dark mode without errors (2.0s)\n  ok 30 [compliance] › tests\\compliance\\dark-mode.spec.ts:66:5 › Dark Mode Compliance › demos/pce-test.html renders in dark mode without errors (1.9s)\n  ok 31 [compliance] › tests\\compliance\\dark-mode.spec.ts:66:5 › Dark Mode Compliance › demos/pre-debug.html renders in dark mode without errors (2.1s)\n  ok 32 [compliance] › tests\\compliance\\dark-mode.spec.ts:66:5 › Dark Mode Compliance › demos/progress-showcase.html renders in dark mode without errors (1.7s)\n  ok 33 [compliance] › tests\\compliance\\dark-mode.spec.ts:66:5 › Dark Mode Compliance › demos/registry-browser.html renders in dark mode without errors (1.6s)\n  ok 12 [compliance] › tests\\compliance\\dark-mode.spec.ts:66:5 › Dark Mode Compliance › demos/behaviors-card-code-generated.html renders in dark mode without errors (15.2s)\n  ok 35 [compliance] › tests\\compliance\\dark-mode.spec.ts:66:5 › Dark Mode Compliance › demos/semantics-forms.html renders in dark mode without errors (1.7s)\n  ok 11 [compliance] › tests\\compliance\\dark-mode.spec.ts:66:5 › Dark Mode Compliance › demos/badge-showcase.html renders in dark mode without errors (15.7s)\n  ok 38 [compliance] › tests\\compliance\\dark-mode.spec.ts:66:5 › Dark Mode Compliance › demos/semantics-theme.html renders in dark mode without errors (1.3s)\n  ok 39 [compliance] › tests\\compliance\\dark-mode.spec.ts:66:5 › Dark Mode Compliance › demos/site/all-components.html renders in dark mode without errors (1.3s)\n  ok 40 [compliance] › tests\\compliance\\dark-mode.spec.ts:66:5 › Dark Mode Compliance › demos/site/badges.html renders in dark mode without errors (1.3s)\n  ok 34 [compliance] › tests\\compliance\\dark-mode.spec.ts:66:5 › Dark Mode Compliance › demos/schema-first-architecture.html renders in dark mode without errors (4.3s)\n  ok 42 [compliance] › tests\\compliance\\dark-mode.spec.ts:66:5 › Dark Mode Compliance › demos/site/content.html renders in dark mode without errors (1.5s)\n  ok 37 [compliance] › tests\\compliance\\dark-mode.spec.ts:66:5 › Dark Mode Compliance › demos/semantics-structure.html renders in dark mode without errors (4.0s)\n  ok 41 [compliance] › tests\\compliance\\dark-mode.spec.ts:66:5 › Dark Mode Compliance › demos/site/cards.html renders in dark mode without errors (3.3s)\n  ok 45 [compliance] › tests\\compliance\\dark-mode.spec.ts:66:5 › Dark Mode Compliance › demos/site/forms.html renders in dark mode without errors (1.5s)\n  ok 36 [compliance] › tests\\compliance\\dark-mode.spec.ts:66:5 › Dark Mode Compliance › demos/semantics-media.html renders in dark mode without errors (4.6s)\n  ok 46 [compliance] › tests\\compliance\\dark-mode.spec.ts:66:5 › Dark Mode Compliance › demos/site/index.html renders in dark mode without errors (1.4s)\n  ok 44 [compliance] › tests\\compliance\\dark-mode.spec.ts:66:5 › Dark Mode Compliance › demos/site/feedback.html renders in dark mode without errors (3.0s)\n  ok 43 [compliance] › tests\\compliance\\dark-mode.spec.ts:66:5 › Dark Mode Compliance › demos/site/effects.html renders in dark mode without errors (3.2s)\n  ok 47 [compliance] › tests\\compliance\\dark-mode.spec.ts:66:5 › Dark Mode Compliance › demos/site/interactive.html renders in dark mode without errors (1.4s)\n  ok 49 [compliance] › tests\\compliance\\dark-mode.spec.ts:66:5 › Dark Mode Compliance › demos/site/notifications.html renders in dark mode without errors (1.6s)\n  ok 51 [compliance] › tests\\compliance\\dark-mode.spec.ts:66:5 › Dark Mode Compliance › demos/site/portfolio.html renders in dark mode without errors (1.6s)\n  ok 48 [compliance] › tests\\compliance\\dark-mode.spec.ts:66:5 › Dark Mode Compliance › demos/site/layout.html renders in dark mode without errors (1.9s)\n  ok 50 [compliance] › tests\\compliance\\dark-mode.spec.ts:66:5 › Dark Mode Compliance › demos/site/overlays.html renders in dark mode without errors (1.9s)\n  ok 52 [compliance] › tests\\compliance\\dark-mode.spec.ts:66:5 › Dark Mode Compliance › demos/site/progress.html renders in dark mode without errors (1.5s)\n  ok 54 [compliance] › tests\\compliance\\dark-mode.spec.ts:66:5 › Dark Mode Compliance › demos/test-harness.html renders in dark mode without errors (1.6s)\n  ok 53 [compliance] › tests\\compliance\\dark-mode.spec.ts:66:5 › Dark Mode Compliance › demos/stage-light.html renders in dark mode without errors (2.1s)\n  ok 57 [compliance] › tests\\compliance\\dark-mode.spec.ts:66:5 › Dark Mode Compliance › docs/diagrams/builder-gui-diagram.html renders in dark mode without errors (1.5s)\n  ok 56 [compliance] › tests\\compliance\\dark-mode.spec.ts:66:5 › Dark Mode Compliance › demos/wizard.html renders in dark mode without errors (2.4s)\n  ok 60 [compliance] › tests\\compliance\\dark-mode.spec.ts:66:5 › Dark Mode Compliance › pages/about.html renders in dark mode without errors (1.6s)\n  ok 61 [compliance] › tests\\compliance\\dark-mode.spec.ts:66:5 › Dark Mode Compliance › pages/ai-permutation-test.html renders in dark mode without errors (1.6s)\n  ok 55 [compliance] › tests\\compliance\\dark-mode.spec.ts:66:5 › Dark Mode Compliance › demos/wizard/test-backend-integration.html renders in dark mode without errors (3.2s)\n  ok 62 [compliance] › tests\\compliance\\dark-mode.spec.ts:66:5 › Dark Mode Compliance › pages/behaviors.html renders in dark mode without errors (1.6s)\n  ok 58 [compliance] › tests\\compliance\\dark-mode.spec.ts:66:5 › Dark Mode Compliance › docs/diagrams/builder-sections.html renders in dark mode without errors (3.4s)\n  ok 65 [compliance] › tests\\compliance\\dark-mode.spec.ts:66:5 › Dark Mode Compliance › pages/demos.html renders in dark mode without errors (1.4s)\n  ok 63 [compliance] › tests\\compliance\\dark-mode.spec.ts:66:5 › Dark Mode Compliance › pages/components.html renders in dark mode without errors (1.9s)\n  ok 66 [compliance] › tests\\compliance\\dark-mode.spec.ts:66:5 › Dark Mode Compliance › pages/docs.html renders in dark mode without errors (2.1s)\n  ok 67 [compliance] › tests\\compliance\\dark-mode.spec.ts:66:5 › Dark Mode Compliance › pages/features.html renders in dark mode without errors (2.0s)\n  ok 68 [compliance] › tests\\compliance\\dark-mode.spec.ts:66:5 › Dark Mode Compliance › pages/hero-variants.html renders in dark mode without errors (2.2s)\n  ok 69 [compliance] › tests\\compliance\\dark-mode.spec.ts:66:5 › Dark Mode Compliance › pages/links.html renders in dark mode without errors (1.9s)\n  x  59 [compliance] › tests\\compliance\\dark-mode.spec.ts:66:5 › Dark Mode Compliance › index.html renders in dark mode without errors (3.5s)\n  ok 71 [compliance] › tests\\compliance\\dark-mode.spec.ts:66:5 › Dark Mode Compliance › pages/newbehaviors.html renders in dark mode without errors (2.2s)\n  ok 64 [compliance] › tests\\compliance\\dark-mode.spec.ts:66:5 › Dark Mode Compliance › pages/contact.html renders in dark mode without errors (4.8s)\n  ok 74 [compliance] › tests\\compliance\\dark-mode.spec.ts:66:5 › Dark Mode Compliance › pages/privacy.html renders in dark mode without errors (1.3s)\n  ok 70 [compliance] › tests\\compliance\\dark-mode.spec.ts:66:5 › Dark Mode Compliance › pages/home.html renders in dark mode without errors (3.7s)\n  ok 73 [compliance] › tests\\compliance\\dark-mode.spec.ts:66:5 › Dark Mode Compliance › pages/offshoring.html renders in dark mode without errors (2.9s)\n  ok 72 [compliance] › tests\\compliance\\dark-mode.spec.ts:66:5 › Dark Mode Compliance › pages/newpage.html renders in dark mode without errors (3.8s)\n  ok 76 [compliance] › tests\\compliance\\dark-mode.spec.ts:66:5 › Dark Mode Compliance › pages/terms.html renders in dark mode without errors (1.8s)\n  ok 78 [compliance] › tests\\compliance\\dark-mode.spec.ts:66:5 › Dark Mode Compliance › public/errors-viewer.html renders in dark mode without errors (1.8s)\n  ok 79 [compliance] › tests\\compliance\\dark-mode.spec.ts:66:5 › Dark Mode Compliance › public/fix-viewer.html renders in dark mode without errors (1.5s)\n  ok 82 [compliance] › tests\\compliance\\dark-mode.spec.ts:66:5 › Dark Mode Compliance › public/papers/schema-first-architecture.html renders in dark mode without errors (1.7s)\n  ok 83 [compliance] › tests\\compliance\\dark-mode.spec.ts:66:5 › Dark Mode Compliance › public/schema-viewer.html renders in dark mode without errors (1.3s)\n  ok 81 [compliance] › tests\\compliance\\dark-mode.spec.ts:66:5 › Dark Mode Compliance › public/papers/schema-architecture.html renders in dark mode without errors (3.0s)\n  ok 26 [compliance] › tests\\compliance\\dark-mode.spec.ts:66:5 › Dark Mode Compliance › demos/kitchen-sink.html renders in dark mode without errors (23.8s)\n  ok 85 [compliance] › tests\\compliance\\dark-mode.spec.ts:66:5 › Dark Mode Compliance › public/test-dashboard.html renders in dark mode without errors (1.9s)\n  ok 84 [compliance] › tests\\compliance\\dark-mode.spec.ts:66:5 › Dark Mode Compliance › pages/services.html renders in dark mode without errors (2.4s)\n  ok 87 [compliance] › tests\\compliance\\dark-mode.spec.ts:66:5 › Dark Mode Compliance › src/core/mvvm-test.html renders in dark mode without errors (1.3s)\n  ok 75 [compliance] › tests\\compliance\\dark-mode.spec.ts:66:5 › Dark Mode Compliance › project-index.html renders in dark mode without errors (6.4s)\n  ok 80 [compliance] › tests\\compliance\\dark-mode.spec.ts:66:5 › Dark Mode Compliance › public/JP07012025Resume.html renders in dark mode without errors (5.4s)\n  ok 89 [compliance] › tests\\compliance\\dark-mode.spec.ts:66:5 › Dark Mode Compliance › src/wb-views/partials/cards-blog.html renders in dark mode without errors (1.1s)\n  ok 88 [compliance] › tests\\compliance\\dark-mode.spec.ts:66:5 › Dark Mode Compliance › src/wb-views/partials/card.html renders in dark mode without errors (1.2s)\n  ok 91 [compliance] › tests\\compliance\\dark-mode.spec.ts:66:5 › Dark Mode Compliance › src/wb-views/partials/cards-team.html renders in dark mode without errors (1.0s)\n  ok 86 [compliance] › tests\\compliance\\dark-mode.spec.ts:66:5 › Dark Mode Compliance › scripts/tools/scope-dashboard.html renders in dark mode without errors (3.4s)\n  ok 92 [compliance] › tests\\compliance\\dark-mode.spec.ts:66:5 › Dark Mode Compliance › src/wb-views/partials/content-about.html renders in dark mode without errors (1.5s)\n  ok 90 [compliance] › tests\\compliance\\dark-mode.spec.ts:66:5 › Dark Mode Compliance › src/wb-views/partials/cards-product-grid.html renders in dark mode without errors (2.0s)\n  ok 77 [compliance] › tests\\compliance\\dark-mode.spec.ts:66:5 › Dark Mode Compliance › public/doc-viewer.html renders in dark mode without errors (8.1s)\n  ok 94 [compliance] › tests\\compliance\\dark-mode.spec.ts:66:5 › Dark Mode Compliance › src/wb-views/partials/features-list.html renders in dark mode without errors (1.1s)\n  ok 96 [compliance] › tests\\compliance\\dark-mode.spec.ts:66:5 › Dark Mode Compliance › src/wb-views/partials/form-contact.html renders in dark mode without errors (1.1s)\n  ok 95 [compliance] › tests\\compliance\\dark-mode.spec.ts:66:5 › Dark Mode Compliance › src/wb-views/partials/footer-simple.html renders in dark mode without errors (1.2s)\n  ok 93 [compliance] › tests\\compliance\\dark-mode.spec.ts:66:5 › Dark Mode Compliance › src/wb-views/partials/features-grid-3.html renders in dark mode without errors (1.4s)\n  ok 97 [compliance] › tests\\compliance\\dark-mode.spec.ts:66:5 › Dark Mode Compliance › src/wb-views/partials/form-newsletter.html renders in dark mode without errors (1.0s)\n  ok 98 [compliance] › tests\\compliance\\dark-mode.spec.ts:66:5 › Dark Mode Compliance › src/wb-views/partials/hero-brand-gradient.html renders in dark mode without errors (1.0s)\n  ok 100 [compliance] › tests\\compliance\\dark-mode.spec.ts:66:5 › Dark Mode Compliance › src/wb-views/partials/hero-minimal.html renders in dark mode without errors (999ms)\n  ok 99 [compliance] › tests\\compliance\\dark-mode.spec.ts:66:5 › Dark Mode Compliance › src/wb-views/partials/hero-cosmic.html renders in dark mode without errors (1.1s)\n  ok 101 [compliance] › tests\\compliance\\dark-mode.spec.ts:66:5 › Dark Mode Compliance › src/wb-views/partials/hero-split.html renders in dark mode without errors (996ms)\n  ok 102 [compliance] › tests\\compliance\\dark-mode.spec.ts:66:5 › Dark Mode Compliance › src/wb-views/partials/landing-agency.html renders in dark mode without errors (1.1s)\n  ok 104 [compliance] › tests\\compliance\\dark-mode.spec.ts:66:5 › Dark Mode Compliance › src/wb-views/partials/landing-startup.html renders in dark mode without errors (1.1s)\n  ok 105 [compliance] › tests\\compliance\\dark-mode.spec.ts:66:5 › Dark Mode Compliance › src/wb-views/partials/nav-simple.html renders in dark mode without errors (1.1s)\n  ok 103 [compliance] › tests\\compliance\\dark-mode.spec.ts:66:5 › Dark Mode Compliance › src/wb-views/partials/landing-product.html renders in dark mode without errors (1.4s)\n  ok 106 [compliance] › tests\\compliance\\dark-mode.spec.ts:66:5 › Dark Mode Compliance › src/wb-views/partials/nav-sticky.html renders in dark mode without errors (1.1s)\n  ok 107 [compliance] › tests\\compliance\\dark-mode.spec.ts:66:5 › Dark Mode Compliance › src/wb-views/partials/nav-with-cta.html renders in dark mode without errors (1.2s)\n  ok 108 [compliance] › tests\\compliance\\dark-mode.spec.ts:66:5 › Dark Mode Compliance › src/wb-views/partials/pricing-three-tier.html renders in dark mode without errors (1.3s)\n  ok 109 [compliance] › tests\\compliance\\dark-mode.spec.ts:66:5 › Dark Mode Compliance › src/wb-views/partials/pricing-two-tier.html renders in dark mode without errors (1.2s)\n  ok 110 [compliance] › tests\\compliance\\dark-mode.spec.ts:66:5 › Dark Mode Compliance › src/wb-views/partials/section-cta.html renders in dark mode without errors (963ms)\n  ok 111 [compliance] › tests\\compliance\\dark-mode.spec.ts:66:5 › Dark Mode Compliance › src/wb-views/partials/section-faq.html renders in dark mode without errors (1.0s)\n  ok 112 [compliance] › tests\\compliance\\dark-mode.spec.ts:66:5 › Dark Mode Compliance › src/wb-views/partials/spa-about.html renders in dark mode without errors (1.1s)\n  ok 113 [compliance] › tests\\compliance\\dark-mode.spec.ts:66:5 › Dark Mode Compliance › src/wb-views/partials/spa-blog.html renders in dark mode without errors (1.1s)\n  ok 114 [compliance] › tests\\compliance\\dark-mode.spec.ts:66:5 › Dark Mode Compliance › src/wb-views/partials/spa-contact.html renders in dark mode without errors (1.0s)\n  ok 117 [compliance] › tests\\compliance\\dark-mode.spec.ts:66:5 › Dark Mode Compliance › src/wb-views/partials/spa-header.html renders in dark mode without errors (1.2s)\n  ok 115 [compliance] › tests\\compliance\\dark-mode.spec.ts:66:5 › Dark Mode Compliance › src/wb-views/partials/spa-faq.html renders in dark mode without errors (1.5s)\n  ok 116 [compliance] › tests\\compliance\\dark-mode.spec.ts:66:5 › Dark Mode Compliance › src/wb-views/partials/spa-footer.html renders in dark mode without errors (1.5s)\n  ok 119 [compliance] › tests\\compliance\\dark-mode.spec.ts:66:5 › Dark Mode Compliance › src/wb-views/partials/spa-portfolio.html renders in dark mode without errors (1.5s)\n  ok 118 [compliance] › tests\\compliance\\dark-mode.spec.ts:66:5 › Dark Mode Compliance › src/wb-views/partials/spa-home.html renders in dark mode without errors (1.6s)\n  ok 121 [compliance] › tests\\compliance\\dark-mode.spec.ts:66:5 › Dark Mode Compliance › src/wb-views/partials/spa-services.html renders in dark mode without errors (1.2s)\n  ok 120 [compliance] › tests\\compliance\\dark-mode.spec.ts:66:5 › Dark Mode Compliance › src/wb-views/partials/spa-pricing.html renders in dark mode without errors (1.5s)\n  ok 122 [compliance] › tests\\compliance\\dark-mode.spec.ts:66:5 › Dark Mode Compliance › src/wb-views/partials/spa-team.html renders in dark mode without errors (1.4s)\n  ok 124 [compliance] › tests\\compliance\\dark-mode.spec.ts:66:5 › Dark Mode Compliance › src/wb-views/partials/stats-row.html renders in dark mode without errors (1.2s)\n  ok 127 [compliance] › tests\\compliance\\dark-mode.spec.ts:66:5 › Dark Mode Compliance › src/wb-views/partials/ui-demo.html renders in dark mode without errors (1.1s)\n  ok 123 [compliance] › tests\\compliance\\dark-mode.spec.ts:66:5 › Dark Mode Compliance › src/wb-views/partials/spa-testimonials.html renders in dark mode without errors (1.6s)\n  ok 126 [compliance] › tests\\compliance\\dark-mode.spec.ts:66:5 › Dark Mode Compliance › src/wb-views/partials/testimonials-single.html renders in dark mode without errors (1.2s)\n  ok 128 [compliance] › tests\\compliance\\dark-mode.spec.ts:66:5 › Dark Mode Compliance › src/wb-views/partials/ui-footer.html renders in dark mode without errors (1.3s)\n  ok 130 [compliance] › tests\\compliance\\dark-mode.spec.ts:66:5 › Dark Mode Compliance › src/wb-views/partials/ui-nav.html renders in dark mode without errors (1.2s)\n  ok 125 [compliance] › tests\\compliance\\dark-mode.spec.ts:66:5 › Dark Mode Compliance › src/wb-views/partials/testimonials-grid.html renders in dark mode without errors (1.6s)\n  ok 129 [compliance] › tests\\compliance\\dark-mode.spec.ts:66:5 › Dark Mode Compliance › src/wb-views/partials/ui-hero.html renders in dark mode without errors (1.2s)\n  ok 131 [compliance] › tests\\compliance\\dark-mode.spec.ts:66:5 › Dark Mode Compliance › src/wb-views/partials/ui-stat.html renders in dark mode without errors (996ms)\n  ok 132 [compliance] › tests\\compliance\\dark-mode.spec.ts:66:5 › Dark Mode Compliance › src/wb-views/partials/ui-table.html renders in dark mode without errors (1.1s)\n  ok 133 [compliance] › tests\\compliance\\dark-mode.spec.ts:66:5 › Dark Mode Compliance › src/wb-views/partials/ui-tabs.html renders in dark mode without errors (1.1s)\n  ok 134 [compliance] › tests\\compliance\\dark-mode.spec.ts:66:5 › Dark Mode Compliance › src/wb-views/partials/ui-timeline.html renders in dark mode without errors (1.3s)\n  ok 135 [compliance] › tests\\compliance\\dark-mode.spec.ts:66:5 › Dark Mode Compliance › templates/page.html renders in dark mode without errors (1.5s)\n  ok 136 [compliance] › tests\\compliance\\dark-mode.spec.ts:66:5 › Dark Mode Compliance › templates/presets/docs/pages/api.html renders in dark mode without errors (1.9s)\n  ok 138 [compliance] › tests\\compliance\\dark-mode.spec.ts:66:5 › Dark Mode Compliance › templates/presets/docs/pages/docs.html renders in dark mode without errors (1.8s)\n  ok 139 [compliance] › tests\\compliance\\dark-mode.spec.ts:66:5 › Dark Mode Compliance › templates/presets/docs/pages/examples.html renders in dark mode without errors (1.5s)\n  ok 137 [compliance] › tests\\compliance\\dark-mode.spec.ts:66:5 › Dark Mode Compliance › templates/presets/docs/pages/blog.html renders in dark mode without errors (2.5s)\n  ok 144 [compliance] › tests\\compliance\\dark-mode.spec.ts:66:5 › Dark Mode Compliance › templates/presets/portfolio/pages/home.html renders in dark mode without errors (1.1s)\n  ok 141 [compliance] › tests\\compliance\\dark-mode.spec.ts:66:5 › Dark Mode Compliance › templates/presets/ecommerce/pages/home.html renders in dark mode without errors (2.5s)\n  ok 140 [compliance] › tests\\compliance\\dark-mode.spec.ts:66:5 › Dark Mode Compliance › templates/presets/docs/pages/home.html renders in dark mode without errors (2.6s)\n  ok 142 [compliance] › tests\\compliance\\dark-mode.spec.ts:66:5 › Dark Mode Compliance › templates/presets/portfolio/pages/about.html renders in dark mode without errors (2.6s)\n  ok 143 [compliance] › tests\\compliance\\dark-mode.spec.ts:66:5 › Dark Mode Compliance › templates/presets/portfolio/pages/contact.html renders in dark mode without errors (2.6s)\n  ok 145 [compliance] › tests\\compliance\\dark-mode.spec.ts:66:5 › Dark Mode Compliance › templates/presets/portfolio/pages/services.html renders in dark mode without errors (2.2s)\n  ok 146 [compliance] › tests\\compliance\\dark-mode.spec.ts:66:5 › Dark Mode Compliance › templates/presets/portfolio/pages/work.html renders in dark mode without errors (2.3s)\n  ok 147 [compliance] › tests\\compliance\\dark-mode.spec.ts:66:5 › Dark Mode Compliance › templates/presets/saas/pages/about.html renders in dark mode without errors (1.8s)\n  ok 149 [compliance] › tests\\compliance\\dark-mode.spec.ts:66:5 › Dark Mode Compliance › templates/presets/saas/pages/contact.html renders in dark mode without errors (1.4s)\n  ok 150 [compliance] › tests\\compliance\\dark-mode.spec.ts:66:5 › Dark Mode Compliance › templates/presets/saas/pages/features.html renders in dark mode without errors (2.3s)\n  ok 154 [compliance] › tests\\compliance\\dark-mode.spec.ts:66:5 › Dark Mode Compliance › tests/index.html renders in dark mode without errors (2.2s)\n  ok 153 [compliance] › tests\\compliance\\dark-mode.spec.ts:66:5 › Dark Mode Compliance › tests/behaviors/_misc/fix-card-layout.html renders in dark mode without errors (2.5s)\n  ok 158 [compliance] › tests\\compliance\\dark-mode.spec.ts:66:5 › Dark Mode Compliance › tests/repro_flood.html renders in dark mode without errors (3.3s)\n  ok 160 [compliance] › tests\\compliance\\dark-mode.spec.ts:66:5 › Dark Mode Compliance › tests/repro_optout.html renders in dark mode without errors (1.4s)\n  ok 152 [compliance] › tests\\compliance\\dark-mode.spec.ts:66:5 › Dark Mode Compliance › templates/presets/saas/pages/pricing.html renders in dark mode without errors (7.9s)\n  ok 159 [compliance] › tests\\compliance\\dark-mode.spec.ts:66:5 › Dark Mode Compliance › tests/repro_navbar.html renders in dark mode without errors (5.4s)\n  ok 157 [compliance] › tests\\compliance\\dark-mode.spec.ts:66:5 › Dark Mode Compliance › tests/repro_explicit_card.html renders in dark mode without errors (6.9s)\n  ok 151 [compliance] › tests\\compliance\\dark-mode.spec.ts:66:5 › Dark Mode Compliance › templates/presets/saas/pages/home.html renders in dark mode without errors (9.1s)\n  ok 148 [compliance] › tests\\compliance\\dark-mode.spec.ts:66:5 › Dark Mode Compliance › templates/presets/saas/pages/blog.html renders in dark mode without errors (9.9s)\n  ok 155 [compliance] › tests\\compliance\\dark-mode.spec.ts:66:5 › Dark Mode Compliance › tests/repro_cardlink_autoinject.html renders in dark mode without errors (8.6s)\n  ok 161 [compliance] › tests\\compliance\\dark-mode.spec.ts:66:5 › Dark Mode Compliance › tests/views/card-schema-test.html renders in dark mode without errors (2.8s)\n  ok 163 [compliance] › tests\\compliance\\dark-mode.spec.ts:177:3 › Dark Mode Compliance › theme variables are defined in dark mode (2.3s)\n  ok 164 [compliance] › tests\\compliance\\dark-mode.spec.ts:203:3 › Dark Mode Compliance › dark mode has dark background colors (3.6s)\n  x  156 [compliance] › tests\\compliance\\dark-mode.spec.ts:66:5 › Dark Mode Compliance › tests/repro_card_semantic.html renders in dark mode without errors (7.6s)\n  ok 162 [compliance] › tests\\compliance\\dark-mode.spec.ts:151:3 › Dark Mode Compliance › main site pages have data-theme attribute (13.1s)\n\n════════════════════════════════════════════════════════════\n  WB TEST RESULTS\n════════════════════════════════════════════════════════════\n  Total: 164 tests in 77.0s\n  ✓ Passed:  162\n  ✗ Failed:  2\n\n  By Project:\n    ✗ compliance: 162/164 passed\n\n  See failures: data/test-results/failures.json\n  Live log:    data/test-results/failures-live.log\n════════════════════════════════════════════════════════════\n\n\n\n  1) [compliance] › tests\\compliance\\dark-mode.spec.ts:66:5 › Dark Mode Compliance › index.html renders in dark mode without errors \n\n    Error: JS errors in index.html:\n    [WB] Behavior 'demo' threw (async): link is not defined\n    [WB] Behavior 'demo' threw (async): link is not defined\n    [WB] Behavior 'demo' threw (async): link is not defined\n    [WB] Behavior 'demo' threw (async): link is not defined\n    [WB] Behavior 'demo' threw (async): link is not defined\n    [WB] Behavior 'demo' threw (async): link is not defined\n    [WB] Behavior 'demo' threw (async): link is not defined\n    [WB] Behavior 'demo' threw (async): link is not defined\n    [WB] Behavior 'demo' threw (async): link is not defined\n    [WB:UNHANDLEDREJ] ReferenceError: link is not defined\n        at demo (http://localhost:3000/src/wb-viewmodels/demo.js:157:17)\n    [WB:UNHANDLEDREJ] ReferenceError: link is not defined\n        at demo (http://localhost:3000/src/wb-viewmodels/demo.js:157:17)\n    [WB:UNHANDLEDREJ] ReferenceError: link is not defined\n        at demo (http://localhost:3000/src/wb-viewmodels/demo.js:157:17)\n    [WB:UNHANDLEDREJ] ReferenceError: link is not defined\n        at demo (http://localhost:3000/src/wb-viewmodels/demo.js:157:17)\n    [WB:UNHANDLEDREJ] ReferenceError: link is not defined\n        at demo (http://localhost:3000/src/wb-viewmodels/demo.js:157:17)\n    [WB:UNHANDLEDREJ] ReferenceError: link is not defined\n        at demo (http://localhost:3000/src/wb-viewmodels/demo.js:157:17)\n    [WB:UNHANDLEDREJ] ReferenceError: link is not defined\n        at demo (http://localhost:3000/src/wb-viewmodels/demo.js:157:17)\n    [WB:UNHANDLEDREJ] ReferenceError: link is not defined\n        at demo (http://localhost:3000/src/wb-viewmodels/demo.js:157:17)\n    [WB:UNHANDLEDREJ] ReferenceError: link is not defined\n        at demo (http://localhost:3000/src/wb-viewmodels/demo.js:157:17)\n\n    \u001b[2mexpect(\u001b[22m\u001b[31mreceived\u001b[39m\u001b[2m).\u001b[22mtoEqual\u001b[2m(\u001b[22m\u001b[32mexpected\u001b[39m\u001b[2m) // deep equality\u001b[22m\n\n    \u001b[32m- Expected  -  1\u001b[39m\n    \u001b[31m+ Received  + 29\u001b[39m\n\n    \u001b[32m- Array []\u001b[39m\n    \u001b[31m+ Array [\u001b[39m\n    \u001b[31m+   \"[WB] Behavior 'demo' threw (async): link is not defined\",\u001b[39m\n    \u001b[31m+   \"[WB] Behavior 'demo' threw (async): link is not defined\",\u001b[39m\n    \u001b[31m+   \"[WB] Behavior 'demo' threw (async): link is not defined\",\u001b[39m\n    \u001b[31m+   \"[WB] Behavior 'demo' threw (async): link is not defined\",\u001b[39m\n    \u001b[31m+   \"[WB] Behavior 'demo' threw (async): link is not defined\",\u001b[39m\n    \u001b[31m+   \"[WB] Behavior 'demo' threw (async): link is not defined\",\u001b[39m\n    \u001b[31m+   \"[WB] Behavior 'demo' threw (async): link is not defined\",\u001b[39m\n    \u001b[31m+   \"[WB] Behavior 'demo' threw (async): link is not defined\",\u001b[39m\n    \u001b[31m+   \"[WB] Behavior 'demo' threw (async): link is not defined\",\u001b[39m\n    \u001b[31m+   \"[WB:UNHANDLEDREJ] ReferenceError: link is not defined\u001b[39m\n    \u001b[31m+     at demo (http://localhost:3000/src/wb-viewmodels/demo.js:157:17)\",\u001b[39m\n    \u001b[31m+   \"[WB:UNHANDLEDREJ] ReferenceError: link is not defined\u001b[39m\n    \u001b[31m+     at demo (http://localhost:3000/src/wb-viewmodels/demo.js:157:17)\",\u001b[39m\n    \u001b[31m+   \"[WB:UNHANDLEDREJ] ReferenceError: link is not defined\u001b[39m\n    \u001b[31m+     at demo (http://localhost:3000/src/wb-viewmodels/demo.js:157:17)\",\u001b[39m\n    \u001b[31m+   \"[WB:UNHANDLEDREJ] ReferenceError: link is not defined\u001b[39m\n    \u001b[31m+     at demo (http://localhost:3000/src/wb-viewmodels/demo.js:157:17)\",\u001b[39m\n    \u001b[31m+   \"[WB:UNHANDLEDREJ] ReferenceError: link is not defined\u001b[39m\n    \u001b[31m+     at demo (http://localhost:3000/src/wb-viewmodels/demo.js:157:17)\",\u001b[39m\n    \u001b[31m+   \"[WB:UNHANDLEDREJ] ReferenceError: link is not defined\u001b[39m\n    \u001b[31m+     at demo (http://localhost:3000/src/wb-viewmodels/demo.js:157:17)\",\u001b[39m\n    \u001b[31m+   \"[WB:UNHANDLEDREJ] ReferenceError: link is not defined\u001b[39m\n    \u001b[31m+     at demo (http://localhost:3000/src/wb-viewmodels/demo.js:157:17)\",\u001b[39m\n    \u001b[31m+   \"[WB:UNHANDLEDREJ] ReferenceError: link is not defined\u001b[39m\n    \u001b[31m+     at demo (http://localhost:3000/src/wb-viewmodels/demo.js:157:17)\",\u001b[39m\n    \u001b[31m+   \"[WB:UNHANDLEDREJ] ReferenceError: link is not defined\u001b[39m\n    \u001b[31m+     at demo (http://localhost:3000/src/wb-viewmodels/demo.js:157:17)\",\u001b[39m\n    \u001b[31m+ ]\u001b[39m\n        at demo (http://localhost:3000/src/wb-viewmodels/demo.js:157:17)\n        at demo (http://localhost:3000/src/wb-viewmodels/demo.js:157:17)\n        at demo (http://localhost:3000/src/wb-viewmodels/demo.js:157:17)\n        at demo (http://localhost:3000/src/wb-viewmodels/demo.js:157:17)\n        at demo (http://localhost:3000/src/wb-viewmodels/demo.js:157:17)\n        at demo (http://localhost:3000/src/wb-viewmodels/demo.js:157:17)\n        at demo (http://localhost:3000/src/wb-viewmodels/demo.js:157:17)\n        at demo (http://localhost:3000/src/wb-viewmodels/demo.js:157:17)\n        at demo (http://localhost:3000/src/wb-viewmodels/demo.js:157:17)\n        at C:\\Users\\jwpmi\\Downloads\\AI\\wb-starter\\tests\\compliance\\dark-mode.spec.ts:147:89\n\n    Error Context: data\\test-results\\dark-mode-Dark-Mode-Compli-a31c5-in-dark-mode-without-errors-compliance\\error-context.md\n\n  2) [compliance] › tests\\compliance\\dark-mode.spec.ts:66:5 › Dark Mode Compliance › tests/repro_card_semantic.html renders in dark mode without errors \n\n    Error: JS errors in tests/repro_card_semantic.html:\n    FAIL: Semantic Article did not become a proper Card\n\n    \u001b[2mexpect(\u001b[22m\u001b[31mreceived\u001b[39m\u001b[2m).\u001b[22mtoEqual\u001b[2m(\u001b[22m\u001b[32mexpected\u001b[39m\u001b[2m) // deep equality\u001b[22m\n\n    \u001b[32m- Expected  - 1\u001b[39m\n    \u001b[31m+ Received  + 3\u001b[39m\n\n    \u001b[32m- Array []\u001b[39m\n    \u001b[31m+ Array [\u001b[39m\n    \u001b[31m+   \"FAIL: Semantic Article did not become a proper Card\",\u001b[39m\n    \u001b[31m+ ]\u001b[39m\n\n      145 |       );\n      146 |       \n    > 147 |       expect(criticalErrors, `JS errors in ${htmlFile}:\\n${criticalErrors.join('\\n')}`).toEqual([]);\n          |                                                                                         ^\n      148 |     });\n      149 |   }\n      150 |   \n        at C:\\Users\\jwpmi\\Downloads\\AI\\wb-starter\\tests\\compliance\\dark-mode.spec.ts:147:89\n\n    Error Context: data\\test-results\\dark-mode-Dark-Mode-Compli-954a1-in-dark-mode-without-errors-compliance\\error-context.md\n\n  2 failed\n    [compliance] › tests\\compliance\\dark-mode.spec.ts:66:5 › Dark Mode Compliance › index.html renders in dark mode without errors \n    [compliance] › tests\\compliance\\dark-mode.spec.ts:66:5 › Dark Mode Compliance › tests/repro_card_semantic.html renders in dark mode without errors \n  162 passed (1.3m)\n",
  "errors": "\n❌ FAILED: index.html renders in dark mode without errors\n   Error: JS errors in index.html:\n\n❌ FAILED: tests/repro_card_semantic.html renders in dark mode without errors\n   Error: JS errors in tests/repro_card_semantic.html:\n",
  "failures": [
    {
      "file": "tests\\compliance\\dark-mode.spec.ts",
      "name": "Dark Mode Compliance › index.html renders in dark mode without errors"
    },
    {
      "file": "tests\\compliance\\dark-mode.spec.ts",
      "name": "Dark Mode Compliance › tests/repro_card_semantic.html renders in dark mode without errors"
    }
  ],
  "completedAt": "2026-02-16T05:02:00.089Z",
  "duration": "82.42s",
  "exitCode": 1
}