{
  "state": "failed",
  "mode": "single",
  "specFile": "tests/components/input-switch.spec.ts",
  "startedAt": "2026-02-09T01:16:21.662Z",
  "updatedAt": "2026-02-09T01:21:02.233Z",
  "command": "npx playwright test --workers=8 tests/components/input-switch.spec.ts tests/components/progressbar.spec.ts",
  "pid": 38900,
  "passed": 7,
  "failed": 3,
  "skipped": 0,
  "total": 10,
  "currentFile": "tests\\components\\input-switch.spec.ts",
  "output": "\nRunning 4 tests using 4 workers\n\n  ok 4 [behaviors] › tests\\components\\progressbar.spec.ts:63:3 › progressbar Behavior › element is visible after scan (3.6s)\n  x  1 [behaviors] › tests\\components\\progressbar.spec.ts:43:3 › progressbar Behavior › renders without errors (3.8s)\n  x  2 [behaviors] › tests\\components\\input-switch.spec.ts:74:3 › Input and Switch Behaviors › Switch should transform checkbox (8.9s)\n  x  3 [behaviors] › tests\\components\\input-switch.spec.ts:60:3 › Input and Switch Behaviors › Input should have correct styling classes (8.7s)\n  x  5 [behaviors] › tests\\components\\progressbar.spec.ts:43:3 › progressbar Behavior › renders without errors (retry #1) (11.5s)\n  x  7 [behaviors] › tests\\components\\input-switch.spec.ts:60:3 › Input and Switch Behaviors › Input should have correct styling classes (retry #1) (6.0s)\n  x  6 [behaviors] › tests\\components\\input-switch.spec.ts:74:3 › Input and Switch Behaviors › Switch should transform checkbox (retry #1) (10.2s)\n\n════════════════════════════════════════════════════════════\n  WB TEST RESULTS\n════════════════════════════════════════════════════════════\n  Total: 7 tests in 103.6s\n  ✓ Passed:  1\n  ✗ Failed:  6\n\n  By Project:\n    ✗ behaviors: 1/7 passed\n\n  See failures: data/test-results/failures.json\n  Live log:    data/test-results/failures-live.log\n════════════════════════════════════════════════════════════\n\n\n\n  1) [behaviors] › tests\\components\\input-switch.spec.ts:60:3 › Input and Switch Behaviors › Input should have correct styling classes \n\n    Error: \u001b[31mTimed out 5000ms waiting for \u001b[39m\u001b[2mexpect(\u001b[22m\u001b[31mlocator\u001b[39m\u001b[2m).\u001b[22mtoHaveClass\u001b[2m(\u001b[22m\u001b[32mexpected\u001b[39m\u001b[2m)\u001b[22m\n\n    Locator: locator('input[type=\"text\"]')\n    Expected pattern: \u001b[32m/wb-input/\u001b[39m\n    Received: <element(s) not found>\n    Call log:\n    \u001b[2m  - Expect \"toHaveClass\" with timeout 5000ms\u001b[22m\n    \u001b[2m  - waiting for locator('input[type=\"text\"]')\u001b[22m\n\n\n      60 |   test('Input should have correct styling classes', async ({ page }) => {\n      61 |     const input = page.locator('input[type=\"text\"]');\n    > 62 |     await expect(input).toHaveClass(/wb-input/);\n         |                         ^\n      63 |     \n      64 |     // Check wrapper styling\n      65 |     const wrapper = page.locator('.wb-input-wrapper');\n        at C:\\Users\\jwpmi\\Downloads\\AI\\wb-starter\\tests\\components\\input-switch.spec.ts:62:25\n\n    Error Context: data\\test-results\\components-input-switch-In-3e109-ave-correct-styling-classes-behaviors\\error-context.md\n\n    Retry #1 ───────────────────────────────────────────────────────────────────────────────────────\n\n    Error: page.evaluate: TypeError: SchemaBuilder.loadSchemaFile is not a function\n        at Object.processSchema (http://localhost:3000/src/core/wb.js:290:21)\n        at http://localhost:3000/src/core/wb.js:354:14\n        at NodeList.forEach (<anonymous>)\n        at Object.scan (http://localhost:3000/src/core/wb.js:350:34)\n        at eval (eval at evaluate (:291:30), <anonymous>:13:23)\n        at UtilityScript.evaluate (<anonymous>:293:16)\n        at UtilityScript.<anonymous> (<anonymous>:1:44)\n        at Object.processSchema (http://localhost:3000/src/core/wb.js:290:21)\n        at http://localhost:3000/src/core/wb.js:354:14\n        at Object.scan (http://localhost:3000/src/core/wb.js:350:34)\n        at eval (eval at evaluate (:291:30), <anonymous>:13:23)\n        at UtilityScript.evaluate (<anonymous>:293:16)\n        at UtilityScript.<anonymous> (<anonymous>:1:44)\n        at C:\\Users\\jwpmi\\Downloads\\AI\\wb-starter\\tests\\components\\input-switch.spec.ts:44:16\n\n    Error Context: data\\test-results\\components-input-switch-In-3e109-ave-correct-styling-classes-behaviors-retry1\\error-context.md\n\n    attachment #2: trace (application/zip) ─────────────────────────────────────────────────────────\n    data\\test-results\\components-input-switch-In-3e109-ave-correct-styling-classes-behaviors-retry1\\trace.zip\n    Usage:\n\n        npx playwright show-trace data\\test-results\\components-input-switch-In-3e109-ave-correct-styling-classes-behaviors-retry1\\trace.zip\n\n    ────────────────────────────────────────────────────────────────────────────────────────────────\n\n  2) [behaviors] › tests\\components\\input-switch.spec.ts:74:3 › Input and Switch Behaviors › Switch should transform checkbox \n\n    Error: \u001b[31mTimed out 5000ms waiting for \u001b[39m\u001b[2mexpect(\u001b[22m\u001b[31mlocator\u001b[39m\u001b[2m).\u001b[22mtoBeVisible\u001b[2m()\u001b[22m\n\n    Locator: locator('.wb-switch').locator('.wb-switch__slider')\n    Expected: visible\n    Received: <element(s) not found>\n    Call log:\n    \u001b[2m  - Expect \"toBeVisible\" with timeout 5000ms\u001b[22m\n    \u001b[2m  - waiting for locator('.wb-switch').locator('.wb-switch__slider')\u001b[22m\n\n\n      85 |     // Check for the slider element\n      86 |     const slider = switchWrapper.locator('.wb-switch__slider');\n    > 87 |     await expect(slider).toBeVisible();\n         |                          ^\n      88 |     \n      89 |     // Check interaction\n      90 |     const checkbox = page.locator('#switch1');\n        at C:\\Users\\jwpmi\\Downloads\\AI\\wb-starter\\tests\\components\\input-switch.spec.ts:87:26\n\n    Error Context: data\\test-results\\components-input-switch-In-d9423-h-should-transform-checkbox-behaviors\\error-context.md\n\n    Retry #1 ───────────────────────────────────────────────────────────────────────────────────────\n\n    Error: \u001b[31mTimed out 5000ms waiting for \u001b[39m\u001b[2mexpect(\u001b[22m\u001b[31mlocator\u001b[39m\u001b[2m).\u001b[22mtoBeVisible\u001b[2m()\u001b[22m\n\n    Locator: locator('.wb-switch').locator('.wb-switch__slider')\n    Expected: visible\n    Received: <element(s) not found>\n    Call log:\n    \u001b[2m  - Expect \"toBeVisible\" with timeout 5000ms\u001b[22m\n    \u001b[2m  - waiting for locator('.wb-switch').locator('.wb-switch__slider')\u001b[22m\n\n\n      85 |     // Check for the slider element\n      86 |     const slider = switchWrapper.locator('.wb-switch__slider');\n    > 87 |     await expect(slider).toBeVisible();\n         |                          ^\n      88 |     \n      89 |     // Check interaction\n      90 |     const checkbox = page.locator('#switch1');\n        at C:\\Users\\jwpmi\\Downloads\\AI\\wb-starter\\tests\\components\\input-switch.spec.ts:87:26\n\n    Error Context: data\\test-results\\components-input-switch-In-d9423-h-should-transform-checkbox-behaviors-retry1\\error-context.md\n\n    attachment #2: trace (application/zip) ─────────────────────────────────────────────────────────\n    data\\test-results\\components-input-switch-In-d9423-h-should-transform-checkbox-behaviors-retry1\\trace.zip\n    Usage:\n\n        npx playwright show-trace data\\test-results\\components-input-switch-In-d9423-h-should-transform-checkbox-behaviors-retry1\\trace.zip\n\n    ────────────────────────────────────────────────────────────────────────────────────────────────\n\n  3) [behaviors] › tests\\components\\progressbar.spec.ts:43:3 › progressbar Behavior › renders without errors \n\n    Error: Console errors: SchemaBuilder.loadSchemaFile is not a function, SchemaBuilder.loadSchemaFile is not a function, SchemaBuilder.loadSchemaFile is not a function, SchemaBuilder.loadSchemaFile is not a function\n\n    \u001b[2mexpect(\u001b[22m\u001b[31mreceived\u001b[39m\u001b[2m).\u001b[22mtoHaveLength\u001b[2m(\u001b[22m\u001b[32mexpected\u001b[39m\u001b[2m)\u001b[22m\n\n    Expected length: \u001b[32m0\u001b[39m\n    Received length: \u001b[31m4\u001b[39m\n    Received array:  \u001b[31m[\"SchemaBuilder.loadSchemaFile is not a function\", \"SchemaBuilder.loadSchemaFile is not a function\", \"SchemaBuilder.loadSchemaFile is not a function\", \"SchemaBuilder.loadSchemaFile is not a function\"]\u001b[39m\n\n      58 |     // No uncaught errors\n      59 |     const critical = errors.filter(e => !e.includes('Legacy syntax'));\n    > 60 |     expect(critical, `Console errors: ${critical.join(', ')}`).toHaveLength(0);\n         |                                                                ^\n      61 |   });\n      62 |\n      63 |   test('element is visible after scan', async ({ page }) => {\n        at C:\\Users\\jwpmi\\Downloads\\AI\\wb-starter\\tests\\components\\progressbar.spec.ts:60:64\n\n    Error Context: data\\test-results\\components-progressbar-pro-065f5-vior-renders-without-errors-behaviors\\error-context.md\n\n    Retry #1 ───────────────────────────────────────────────────────────────────────────────────────\n\n    Error: Console errors: SchemaBuilder.loadSchemaFile is not a function, SchemaBuilder.loadSchemaFile is not a function, SchemaBuilder.loadSchemaFile is not a function\n\n    \u001b[2mexpect(\u001b[22m\u001b[31mreceived\u001b[39m\u001b[2m).\u001b[22mtoHaveLength\u001b[2m(\u001b[22m\u001b[32mexpected\u001b[39m\u001b[2m)\u001b[22m\n\n    Expected length: \u001b[32m0\u001b[39m\n    Received length: \u001b[31m3\u001b[39m\n    Received array:  \u001b[31m[\"SchemaBuilder.loadSchemaFile is not a function\", \"SchemaBuilder.loadSchemaFile is not a function\", \"SchemaBuilder.loadSchemaFile is not a function\"]\u001b[39m\n\n      58 |     // No uncaught errors\n      59 |     const critical = errors.filter(e => !e.includes('Legacy syntax'));\n    > 60 |     expect(critical, `Console errors: ${critical.join(', ')}`).toHaveLength(0);\n         |                                                                ^\n      61 |   });\n      62 |\n      63 |   test('element is visible after scan', async ({ page }) => {\n        at C:\\Users\\jwpmi\\Downloads\\AI\\wb-starter\\tests\\components\\progressbar.spec.ts:60:64\n\n    Error Context: data\\test-results\\components-progressbar-pro-065f5-vior-renders-without-errors-behaviors-retry1\\error-context.md\n\n    attachment #2: trace (application/zip) ─────────────────────────────────────────────────────────\n    data\\test-results\\components-progressbar-pro-065f5-vior-renders-without-errors-behaviors-retry1\\trace.zip\n    Usage:\n\n        npx playwright show-trace data\\test-results\\components-progressbar-pro-065f5-vior-renders-without-errors-behaviors-retry1\\trace.zip\n\n    ────────────────────────────────────────────────────────────────────────────────────────────────\n\n  3 failed\n    [behaviors] › tests\\components\\input-switch.spec.ts:60:3 › Input and Switch Behaviors › Input should have correct styling classes \n    [behaviors] › tests\\components\\input-switch.spec.ts:74:3 › Input and Switch Behaviors › Switch should transform checkbox \n    [behaviors] › tests\\components\\progressbar.spec.ts:43:3 › progressbar Behavior › renders without errors \n  1 passed (1.8m)\n",
  "errors": "\n❌ FAILED: renders without errors\n   Error: Console errors: SchemaBuilder.loadSchemaFile is not a function, SchemaBuilder.loadSchemaFile is not a function, SchemaBuilder.loadSchemaFile is not a function, SchemaBuilder.loadSchemaFile is n...\n\n❌ FAILED: Switch should transform checkbox\n   Error: Timed out 5000ms waiting for expect(locator).toBeVisible()\n\n❌ FAILED: Input should have correct styling classes\n   Error: Timed out 5000ms waiting for expect(locator).toHaveClass(expected)\n\n❌ FAILED: renders without errors\n   Error: Console errors: SchemaBuilder.loadSchemaFile is not a function, SchemaBuilder.loadSchemaFile is not a function, SchemaBuilder.loadSchemaFile is not a function\n\n❌ FAILED: Input should have correct styling classes\n   Error: page.evaluate: TypeError: SchemaBuilder.loadSchemaFile is not a function\n\n❌ FAILED: Switch should transform checkbox\n   Error: Timed out 5000ms waiting for expect(locator).toBeVisible()\n",
  "failures": [
    {
      "file": "tests\\components\\progressbar.spec.ts",
      "name": "progressbar Behavior › renders without errors"
    },
    {
      "file": "tests\\components\\input-switch.spec.ts",
      "name": "Input and Switch Behaviors › Switch should transform checkbox"
    },
    {
      "file": "tests\\components\\input-switch.spec.ts",
      "name": "Input and Switch Behaviors › Input should have correct styling classes"
    },
    {
      "file": "tests\\components\\progressbar.spec.ts",
      "name": "progressbar Behavior › renders without errors (retry #1)"
    },
    {
      "file": "tests\\components\\input-switch.spec.ts",
      "name": "Input and Switch Behaviors › Input should have correct styling classes (retry #1)"
    },
    {
      "file": "tests\\components\\input-switch.spec.ts",
      "name": "Input and Switch Behaviors › Switch should transform checkbox (retry #1)"
    }
  ],
  "completedAt": "2026-02-09T01:21:02.233Z",
  "duration": "280.57s",
  "exitCode": 1
}