{
  "state": "failed",
  "mode": "single",
  "specFile": "tests/compliance/v3-syntax-compliance.spec.ts",
  "startedAt": "2026-02-16T05:01:29.206Z",
  "updatedAt": "2026-02-16T05:01:41.853Z",
  "command": "npx playwright test --workers=8 tests/compliance/v3-syntax-compliance.spec.ts",
  "pid": 28364,
  "passed": 8,
  "failed": 3,
  "skipped": 0,
  "total": 11,
  "currentFile": "tests\\compliance\\v3-syntax-compliance.spec.ts",
  "output": "\nRunning 8 tests using 8 workers\n\n  ok 1 [compliance] › tests\\compliance\\v3-syntax-compliance.spec.ts:112:3 › v3.0 Syntax Compliance › pages/ uses <wb-*> tags instead of data-wb for components (101ms)\n\n⚠️  data-wb usage found in demos:\n  demos\\legacy-syntax-check.html:11 → Use <wb-card> instead of data-wb=\"card\"\n  ok 4 [compliance] › tests\\compliance\\v3-syntax-compliance.spec.ts:243:3 › x- Prefix Behavior Syntax › behavior additions use x- prefix not data-wb (55ms)\n  ok 3 [compliance] › tests\\compliance\\v3-syntax-compliance.spec.ts:129:3 › v3.0 Syntax Compliance › demos/ uses <wb-*> tags instead of data-wb for components (88ms)\n  x  5 [compliance] › tests\\compliance\\v3-syntax-compliance.spec.ts:202:3 › v3.0 Schema Format Compliance › all component schemas have $cssAPI section (78ms)\n  x  2 [compliance] › tests\\compliance\\v3-syntax-compliance.spec.ts:183:3 › v3.0 Schema Format Compliance › all component schemas have $methods section (183ms)\n  x  6 [compliance] › tests\\compliance\\v3-syntax-compliance.spec.ts:163:3 › v3.0 Schema Format Compliance › all component schemas have $view section (55ms)\n  ok 7 [compliance] › tests\\compliance\\v3-syntax-compliance.spec.ts:147:3 › v3.0 Syntax Compliance › public/ uses <wb-*> tags instead of data-wb for components (44ms)\n  ok 8 [compliance] › tests\\compliance\\v3-syntax-compliance.spec.ts:221:3 › v3.0 Schema Format Compliance › $view uses lowercase HTML tags (47ms)\n\n════════════════════════════════════════════════════════════\n  WB TEST RESULTS\n════════════════════════════════════════════════════════════\n  Total: 8 tests in 6.2s\n  ✓ Passed:  5\n  ✗ Failed:  3\n\n  By Project:\n    ✗ compliance: 5/8 passed\n\n  See failures: data/test-results/failures.json\n  Live log:    data/test-results/failures-live.log\n════════════════════════════════════════════════════════════\n\n\n\n  1) [compliance] › tests\\compliance\\v3-syntax-compliance.spec.ts:163:3 › v3.0 Schema Format Compliance › all component schemas have $view section \n\n    Error: Schemas missing $view: demofile.schema.json, page.schema.json, schema.schema.json\n\n    \u001b[2mexpect(\u001b[22m\u001b[31mreceived\u001b[39m\u001b[2m).\u001b[22mtoEqual\u001b[2m(\u001b[22m\u001b[32mexpected\u001b[39m\u001b[2m) // deep equality\u001b[22m\n\n    \u001b[32m- Expected  - 1\u001b[39m\n    \u001b[31m+ Received  + 5\u001b[39m\n\n    \u001b[32m- Array []\u001b[39m\n    \u001b[31m+ Array [\u001b[39m\n    \u001b[31m+   \"demofile.schema.json\",\u001b[39m\n    \u001b[31m+   \"page.schema.json\",\u001b[39m\n    \u001b[31m+   \"schema.schema.json\",\u001b[39m\n    \u001b[31m+ ]\u001b[39m\n\n      178 |     }\n      179 |     \n    > 180 |     expect(missing, `Schemas missing $view: ${missing.join(', ')}`).toEqual([]);\n          |                                                                     ^\n      181 |   });\n      182 |   \n      183 |   test('all component schemas have $methods section', () => {\n        at C:\\Users\\jwpmi\\Downloads\\AI\\wb-starter\\tests\\compliance\\v3-syntax-compliance.spec.ts:180:69\n\n  2) [compliance] › tests\\compliance\\v3-syntax-compliance.spec.ts:183:3 › v3.0 Schema Format Compliance › all component schemas have $methods section \n\n    Error: Schemas missing $methods: demofile.schema.json, page.schema.json, schema.schema.json\n\n    \u001b[2mexpect(\u001b[22m\u001b[31mreceived\u001b[39m\u001b[2m).\u001b[22mtoEqual\u001b[2m(\u001b[22m\u001b[32mexpected\u001b[39m\u001b[2m) // deep equality\u001b[22m\n\n    \u001b[32m- Expected  - 1\u001b[39m\n    \u001b[31m+ Received  + 5\u001b[39m\n\n    \u001b[32m- Array []\u001b[39m\n    \u001b[31m+ Array [\u001b[39m\n    \u001b[31m+   \"demofile.schema.json\",\u001b[39m\n    \u001b[31m+   \"page.schema.json\",\u001b[39m\n    \u001b[31m+   \"schema.schema.json\",\u001b[39m\n    \u001b[31m+ ]\u001b[39m\n\n      197 |     }\n      198 |     \n    > 199 |     expect(missing, `Schemas missing $methods: ${missing.join(', ')}`).toEqual([]);\n          |                                                                        ^\n      200 |   });\n      201 |   \n      202 |   test('all component schemas have $cssAPI section', () => {\n        at C:\\Users\\jwpmi\\Downloads\\AI\\wb-starter\\tests\\compliance\\v3-syntax-compliance.spec.ts:199:72\n\n  3) [compliance] › tests\\compliance\\v3-syntax-compliance.spec.ts:202:3 › v3.0 Schema Format Compliance › all component schemas have $cssAPI section \n\n    Error: Schemas missing $cssAPI: demofile.schema.json, page.schema.json, schema.schema.json\n\n    \u001b[2mexpect(\u001b[22m\u001b[31mreceived\u001b[39m\u001b[2m).\u001b[22mtoEqual\u001b[2m(\u001b[22m\u001b[32mexpected\u001b[39m\u001b[2m) // deep equality\u001b[22m\n\n    \u001b[32m- Expected  - 1\u001b[39m\n    \u001b[31m+ Received  + 5\u001b[39m\n\n    \u001b[32m- Array []\u001b[39m\n    \u001b[31m+ Array [\u001b[39m\n    \u001b[31m+   \"demofile.schema.json\",\u001b[39m\n    \u001b[31m+   \"page.schema.json\",\u001b[39m\n    \u001b[31m+   \"schema.schema.json\",\u001b[39m\n    \u001b[31m+ ]\u001b[39m\n\n      216 |     }\n      217 |     \n    > 218 |     expect(missing, `Schemas missing $cssAPI: ${missing.join(', ')}`).toEqual([]);\n          |                                                                       ^\n      219 |   });\n      220 |   \n      221 |   test('$view uses lowercase HTML tags', () => {\n        at C:\\Users\\jwpmi\\Downloads\\AI\\wb-starter\\tests\\compliance\\v3-syntax-compliance.spec.ts:218:71\n\n  3 failed\n    [compliance] › tests\\compliance\\v3-syntax-compliance.spec.ts:163:3 › v3.0 Schema Format Compliance › all component schemas have $view section \n    [compliance] › tests\\compliance\\v3-syntax-compliance.spec.ts:183:3 › v3.0 Schema Format Compliance › all component schemas have $methods section \n    [compliance] › tests\\compliance\\v3-syntax-compliance.spec.ts:202:3 › v3.0 Schema Format Compliance › all component schemas have $cssAPI section \n  5 passed (6.6s)\n",
  "errors": "\n❌ FAILED: all component schemas have $cssAPI section\n   Error: Schemas missing $cssAPI: demofile.schema.json, page.schema.json, schema.schema.json\n\n❌ FAILED: all component schemas have $methods section\n   Error: Schemas missing $methods: demofile.schema.json, page.schema.json, schema.schema.json\n\n❌ FAILED: all component schemas have $view section\n   Error: Schemas missing $view: demofile.schema.json, page.schema.json, schema.schema.json\n",
  "failures": [
    {
      "file": "tests\\compliance\\v3-syntax-compliance.spec.ts",
      "name": "v3.0 Schema Format Compliance › all component schemas have $cssAPI section"
    },
    {
      "file": "tests\\compliance\\v3-syntax-compliance.spec.ts",
      "name": "v3.0 Schema Format Compliance › all component schemas have $methods section"
    },
    {
      "file": "tests\\compliance\\v3-syntax-compliance.spec.ts",
      "name": "v3.0 Schema Format Compliance › all component schemas have $view section"
    }
  ],
  "completedAt": "2026-02-16T05:01:41.853Z",
  "duration": "12.65s",
  "exitCode": 1
}