{
  "state": "failed",
  "mode": "single",
  "specFile": "tests/behaviors/wizard.spec.ts",
  "startedAt": "2026-02-13T02:24:13.533Z",
  "updatedAt": "2026-02-13T02:26:47.144Z",
  "command": "npx playwright test --workers=8 tests/behaviors/wizard.spec.ts",
  "pid": 101668,
  "passed": 2,
  "failed": 1,
  "skipped": 0,
  "total": 3,
  "currentFile": null,
  "output": "\nRunning 1 test using 1 worker\n\n  ✘  1 [behaviors] › tests\\behaviors\\wizard.spec.ts:22:1 › Wizard: select wb-demo, then wb-audio, render and locate audio element (30.2s)\n  ✘  2 [behaviors] › tests\\behaviors\\wizard.spec.ts:22:1 › Wizard: select wb-demo, then wb-audio, render and locate audio element (retry #1) (30.0s)\n\n════════════════════════════════════════════════════════════\n  WB TEST RESULTS\n════════════════════════════════════════════════════════════\n  Total: 2 tests in 142.8s\n  ✓ Passed:  0\n  ✗ Failed:  2\n\n  By Project:\n    ✗ behaviors: 0/2 passed\n\n  See failures: data/test-results/failures.json\n  Live log:    data/test-results/failures-live.log\n════════════════════════════════════════════════════════════\n\n\n\n  1) [behaviors] › tests\\behaviors\\wizard.spec.ts:22:1 › Wizard: select wb-demo, then wb-audio, render and locate audio element \n\n    \u001b[31mTest timeout of 30000ms exceeded.\u001b[39m\n\n    Error: page.click: Test timeout of 30000ms exceeded.\n    Call log:\n    \u001b[2m  - waiting for locator('[data-component=\"wb-demo\"]')\u001b[22m\n\n\n      29 |   // Select wb-demo component (simulate user action, e.g., via dropdown or palette)\n      30 |   // This selector may need to be updated to match your UI\n    > 31 |   await page.click('[data-component=\"wb-demo\"]');\n         |              ^\n      32 |\n      33 |   // Select wb-audio decorator/component\n      34 |   await page.click('[data-component=\"wb-audio\"]');\n        at C:\\Users\\jwpmi\\Downloads\\AI\\wb-starter\\tests\\behaviors\\wizard.spec.ts:31:14\n\n    Error Context: data\\test-results\\behaviors-wizard-Wizard-se-2b693-er-and-locate-audio-element-behaviors\\error-context.md\n\n    Retry #1 ───────────────────────────────────────────────────────────────────────────────────────\n\n    \u001b[31mTest timeout of 30000ms exceeded.\u001b[39m\n\n    Error: browserContext._wrapApiCall: ENOENT: no such file or directory, copyfile 'C:\\Users\\jwpmi\\Downloads\\AI\\wb-starter\\data\\test-results\\.playwright-artifacts-1\\traces\\4192ca405f01ef7c19d2-3fc3425a44b295bc854d-retry1.network' -> 'C:\\Users\\jwpmi\\Downloads\\AI\\wb-starter\\data\\test-results\\.playwright-artifacts-1\\traces\\4192ca405f01ef7c19d2-3fc3425a44b295bc854d-retry1-pwnetcopy-1.network'\n\n    Error: page.click: Test ended.\n    Call log:\n    \u001b[2m  - waiting for locator('[data-component=\"wb-demo\"]')\u001b[22m\n\n\n      29 |   // Select wb-demo component (simulate user action, e.g., via dropdown or palette)\n      30 |   // This selector may need to be updated to match your UI\n    > 31 |   await page.click('[data-component=\"wb-demo\"]');\n         |              ^\n      32 |\n      33 |   // Select wb-audio decorator/component\n      34 |   await page.click('[data-component=\"wb-audio\"]');\n        at C:\\Users\\jwpmi\\Downloads\\AI\\wb-starter\\tests\\behaviors\\wizard.spec.ts:31:14\n\n    Error: ENOENT: no such file or directory, open 'C:\\Users\\jwpmi\\Downloads\\AI\\wb-starter\\data\\test-results\\.playwright-artifacts-1\\36c1c732c25fca4a8b4ee0d6c3da0982.zip'\n\n    \u001b[31mTest timeout of 30000ms exceeded.\u001b[39m\n\n    Error Context: data\\test-results\\behaviors-wizard-Wizard-se-2b693-er-and-locate-audio-element-behaviors-retry1\\error-context.md\n\n  1 failed\n    [behaviors] › tests\\behaviors\\wizard.spec.ts:22:1 › Wizard: select wb-demo, then wb-audio, render and locate audio element \n",
  "errors": "\n⏱️ FAILED: Wizard: select wb-demo, then wb-audio, render and locate audio element\n   Test timeout of 30000ms exceeded.\n\n⏱️ FAILED: Wizard: select wb-demo, then wb-audio, render and locate audio element\n   Test timeout of 30000ms exceeded.\n",
  "failures": [],
  "completedAt": "2026-02-13T02:26:47.144Z",
  "duration": "153.61s",
  "exitCode": 1
}